{"level":"info","message":{"method":"GET","time":"2026-06-26T08:21:14.751Z","url":"/api/tasks?page=1&limit=10"},"timestamp":"2026-06-26T08:21:14.753Z"}
{"level":"info","message":{"method":"GET","time":"2026-06-26T08:22:22.513Z","url":"/api/tasks?status=OPEN"},"timestamp":"2026-06-26T08:22:22.514Z"}
{"level":"info","message":{"method":"GET","time":"2026-06-26T08:23:16.167Z","url":"/api/tasks?priority=HIGH"},"timestamp":"2026-06-26T08:23:16.167Z"}
{"level":"info","message":{"method":"GET","time":"2026-06-26T09:31:12.340Z","url":"/api/auth/me"},"timestamp":"2026-06-26T09:31:12.342Z"}
{"level":"info","message":{"method":"GET","time":"2026-06-26T09:31:14.138Z","url":"/api/auth/me"},"timestamp":"2026-06-26T09:31:14.138Z"}
{"level":"info","message":{"method":"GET","time":"2026-06-26T09:32:08.290Z","url":"/api/auth/me"},"timestamp":"2026-06-26T09:32:08.292Z"}
{"level":"info","message":{"method":"GET","time":"2026-06-26T09:32:21.660Z","url":"/api/auth/me"},"timestamp":"2026-06-26T09:32:21.660Z"}
{"level":"info","message":{"method":"GET","time":"2026-06-26T09:32:40.170Z","url":"/api/auth/me"},"timestamp":"2026-06-26T09:32:40.171Z"}
{"level":"info","message":{"method":"GET","time":"2026-06-26T10:00:44.892Z","url":"/api/auth/me"},"timestamp":"2026-06-26T10:00:44.893Z"}
{"level":"info","message":{"method":"GET","time":"2026-06-26T10:00:47.465Z","url":"/api/auth/me"},"timestamp":"2026-06-26T10:00:47.465Z"}
{"level":"info","message":{"method":"GET","time":"2026-06-26T10:00:48.249Z","url":"/api/auth/me"},"timestamp":"2026-06-26T10:00:48.249Z"}
{"level":"info","message":{"method":"GET","time":"2026-06-26T10:00:53.565Z","url":"/api/auth/me"},"timestamp":"2026-06-26T10:00:53.565Z"}
{"level":"info","message":{"method":"GET","time":"2026-06-26T10:06:35.977Z","url":"/api/auth/me"},"timestamp":"2026-06-26T10:06:35.979Z"}
{"level":"info","message":{"method":"GET","time":"2026-06-26T10:06:36.174Z","url":"/api/auth/me"},"timestamp":"2026-06-26T10:06:36.174Z"}
{"level":"info","message":{"method":"GET","time":"2026-06-26T10:06:39.276Z","url":"/api/auth/me"},"timestamp":"2026-06-26T10:06:39.276Z"}
{"level":"info","message":{"method":"GET","time":"2026-06-26T10:12:48.091Z","url":"/api/auth/me"},"timestamp":"2026-06-26T10:12:48.094Z"}
{"level":"info","message":{"method":"GET","time":"2026-06-26T10:25:25.175Z","url":"/api/auth/me"},"timestamp":"2026-06-26T10:25:25.177Z"}
{"level":"info","message":{"method":"GET","time":"2026-06-26T13:04:31.507Z","url":"/api/auth/me"},"timestamp":"2026-06-26T13:04:31.508Z"}
{"level":"info","message":{"method":"GET","time":"2026-06-26T13:13:23.303Z","url":"/api/auth/me"},"timestamp":"2026-06-26T13:13:23.304Z"}
{"level":"info","message":{"method":"GET","time":"2026-06-26T13:21:17.002Z","url":"/api/auth/me"},"timestamp":"2026-06-26T13:21:17.003Z"}
{"level":"info","message":{"method":"GET","time":"2026-06-26T13:21:18.319Z","url":"/api/auth/me"},"timestamp":"2026-06-26T13:21:18.319Z"}
{"level":"info","message":{"method":"GET","time":"2026-06-26T13:22:02.399Z","url":"/api/auth/me"},"timestamp":"2026-06-26T13:22:02.400Z"}
{"level":"info","message":{"method":"GET","time":"2026-06-26T13:22:05.748Z","url":"/api/auth/me"},"timestamp":"2026-06-26T13:22:05.748Z"}
{"level":"info","message":{"method":"GET","time":"2026-06-26T13:22:18.544Z","url":"/api/auth/me"},"timestamp":"2026-06-26T13:22:18.545Z"}
{"level":"info","message":{"method":"GET","time":"2026-06-26T13:26:40.517Z","url":"/api/auth/me"},"timestamp":"2026-06-26T13:26:40.519Z"}
{"level":"info","message":{"method":"GET","time":"2026-06-26T13:27:07.920Z","url":"/api/auth/me"},"timestamp":"2026-06-26T13:27:07.921Z"}
{"level":"info","message":{"method":"GET","time":"2026-06-26T13:28:21.828Z","url":"/api/auth/me"},"timestamp":"2026-06-26T13:28:21.829Z"}
{"level":"info","message":{"method":"GET","time":"2026-06-26T13:28:51.096Z","url":"/api/auth/me"},"timestamp":"2026-06-26T13:28:51.096Z"}
{"level":"info","message":{"method":"GET","time":"2026-06-26T13:28:55.799Z","url":"/api/auth/me"},"timestamp":"2026-06-26T13:28:55.799Z"}
{"level":"info","message":{"method":"POST","time":"2026-06-26T13:29:55.582Z","url":"/api/auth/login"},"timestamp":"2026-06-26T13:29:55.583Z"}
{"level":"info","message":{"method":"POST","time":"2026-06-26T13:30:55.004Z","url":"/api/auth/login"},"timestamp":"2026-06-26T13:30:55.004Z"}
{"level":"info","message":{"method":"GET","time":"2026-06-26T13:35:02.931Z","url":"/api/auth/me"},"timestamp":"2026-06-26T13:35:02.932Z"}
{"level":"info","message":{"method":"GET","time":"2026-06-26T13:35:20.459Z","url":"/api/auth/me"},"timestamp":"2026-06-26T13:35:20.459Z"}
{"level":"info","message":{"method":"GET","time":"2026-06-26T13:35:41.951Z","url":"/api/tasks?priority=HIGH"},"timestamp":"2026-06-26T13:35:41.953Z"}
{"level":"info","message":{"method":"GET","time":"2026-06-26T14:12:00.069Z","url":"/api/auth/me"},"timestamp":"2026-06-26T14:12:00.070Z"}
{"level":"info","message":{"method":"GET","time":"2026-06-26T14:16:17.228Z","url":"/api/auth/me"},"timestamp":"2026-06-26T14:16:17.228Z"}
{"level":"info","message":{"method":"GET","time":"2026-06-26T14:25:52.649Z","url":"/api/auth/me"},"timestamp":"2026-06-26T14:25:52.649Z"}
{"level":"info","message":{"method":"GET","time":"2026-06-26T14:25:58.665Z","url":"/api/auth/me"},"timestamp":"2026-06-26T14:25:58.665Z"}
{"level":"info","message":{"method":"GET","time":"2026-06-26T14:27:21.609Z","url":"/api/auth/me"},"timestamp":"2026-06-26T14:27:21.610Z"}
{"level":"info","message":{"method":"GET","time":"2026-06-26T14:27:23.552Z","url":"/api/auth/me"},"timestamp":"2026-06-26T14:27:23.552Z"}
{"level":"info","message":{"method":"GET","time":"2026-06-26T14:27:47.012Z","url":"/api/auth/me"},"timestamp":"2026-06-26T14:27:47.013Z"}
{"level":"info","message":{"method":"GET","time":"2026-06-26T14:27:49.026Z","url":"/api/auth/me"},"timestamp":"2026-06-26T14:27:49.026Z"}
{"level":"info","message":{"method":"GET","time":"2026-06-26T14:28:12.415Z","url":"/api/auth/me"},"timestamp":"2026-06-26T14:28:12.416Z"}
{"level":"info","message":{"method":"POST","time":"2026-06-26T14:29:02.214Z","url":"/api/auth/register"},"timestamp":"2026-06-26T14:29:02.214Z"}
{"level":"info","message":{"method":"POST","time":"2026-06-26T14:29:16.834Z","url":"/api/auth/login"},"timestamp":"2026-06-26T14:29:16.834Z"}
{"level":"info","message":{"method":"GET","time":"2026-06-26T14:29:23.459Z","url":"/api/auth/me"},"timestamp":"2026-06-26T14:29:23.459Z"}
{"level":"info","message":{"method":"GET","time":"2026-06-26T14:30:10.062Z","url":"/api/auth/me"},"timestamp":"2026-06-26T14:30:10.062Z"}
{"level":"info","message":{"method":"GET","time":"2026-06-26T14:30:30.507Z","url":"/api/auth/me"},"timestamp":"2026-06-26T14:30:30.507Z"}
{"level":"info","message":{"method":"GET","time":"2026-06-26T14:36:45.133Z","url":"/api/auth/me"},"timestamp":"2026-06-26T14:36:45.133Z"}
{"level":"info","message":{"method":"POST","time":"2026-06-26T14:39:28.585Z","url":"/api/auth/login"},"timestamp":"2026-06-26T14:39:28.585Z"}
{"level":"info","message":{"method":"GET","time":"2026-06-26T14:39:40.004Z","url":"/api/auth/me"},"timestamp":"2026-06-26T14:39:40.004Z"}
{"level":"info","message":{"method":"GET","time":"2026-06-26T14:39:40.248Z","url":"/api/tasks?page=1&search=&status=&priority="},"timestamp":"2026-06-26T14:39:40.248Z"}
{"level":"info","message":{"method":"GET","time":"2026-06-26T14:39:54.453Z","url":"/api/auth/me"},"timestamp":"2026-06-26T14:39:54.453Z"}
{"level":"info","message":{"method":"GET","time":"2026-06-26T14:42:29.942Z","url":"/api/auth/me"},"timestamp":"2026-06-26T14:42:29.942Z"}
{"level":"info","message":{"method":"POST","time":"2026-06-26T14:44:23.938Z","url":"/api/tasks"},"timestamp":"2026-06-26T14:44:23.938Z"}
{"level":"info","message":{"method":"GET","time":"2026-06-26T14:44:24.160Z","url":"/api/tasks?page=1&search=&status=&priority="},"timestamp":"2026-06-26T14:44:24.161Z"}
{"level":"info","message":{"method":"GET","time":"2026-06-26T14:44:33.237Z","url":"/api/tasks/6a3e90471c940364c31ec8d2"},"timestamp":"2026-06-26T14:44:33.238Z"}
{"level":"info","message":{"method":"GET","time":"2026-06-26T14:44:33.626Z","url":"/api/tasks?page=1&search=&status=&priority="},"timestamp":"2026-06-26T14:44:33.626Z"}
{"level":"info","message":{"method":"GET","time":"2026-06-26T14:44:43.401Z","url":"/api/tasks/6a3e90471c940364c31ec8d2"},"timestamp":"2026-06-26T14:44:43.401Z"}
{"level":"info","message":{"method":"GET","time":"2026-06-26T14:44:43.780Z","url":"/api/tasks?page=1&search=&status=&priority="},"timestamp":"2026-06-26T14:44:43.780Z"}
{"level":"info","message":{"method":"GET","time":"2026-06-26T14:44:48.013Z","url":"/api/tasks/6a3e90471c940364c31ec8d2"},"timestamp":"2026-06-26T14:44:48.013Z"}
{"level":"info","message":{"method":"GET","time":"2026-06-26T14:44:58.072Z","url":"/api/tasks?page=1&search=&status=&priority="},"timestamp":"2026-06-26T14:44:58.072Z"}
{"level":"info","message":{"method":"GET","time":"2026-06-26T14:45:09.472Z","url":"/api/tasks/create"},"timestamp":"2026-06-26T14:45:09.472Z"}
{"level":"info","message":{"method":"GET","time":"2026-06-26T14:45:17.880Z","url":"/api/tasks?page=1&search=&status=&priority="},"timestamp":"2026-06-26T14:45:17.880Z"}
{"level":"info","message":{"method":"GET","time":"2026-06-26T14:45:54.977Z","url":"/api/tasks/6a3e90471c940364c31ec8d2"},"timestamp":"2026-06-26T14:45:54.977Z"}
{"level":"info","message":{"method":"GET","time":"2026-06-26T14:45:57.467Z","url":"/api/tasks?page=1&search=&status=&priority="},"timestamp":"2026-06-26T14:45:57.467Z"}
{"level":"info","message":{"method":"GET","time":"2026-06-26T14:46:09.285Z","url":"/api/tasks?page=1&search=&status=IN_PROGRESS&priority="},"timestamp":"2026-06-26T14:46:09.285Z"}
{"level":"info","message":{"method":"GET","time":"2026-06-26T14:46:15.479Z","url":"/api/tasks?page=1&search=&status=OPEN&priority="},"timestamp":"2026-06-26T14:46:15.479Z"}
{"level":"info","message":{"method":"GET","time":"2026-06-26T14:46:24.649Z","url":"/api/tasks?page=1&search=&status=OPEN&priority=HIGH"},"timestamp":"2026-06-26T14:46:24.649Z"}
{"level":"info","message":{"method":"GET","time":"2026-06-26T14:46:34.301Z","url":"/api/tasks/6a3e90471c940364c31ec8d2"},"timestamp":"2026-06-26T14:46:34.301Z"}
{"level":"info","message":{"method":"GET","time":"2026-06-26T14:46:36.681Z","url":"/api/tasks?page=1&search=&status=&priority="},"timestamp":"2026-06-26T14:46:36.681Z"}
{"level":"info","message":{"method":"GET","time":"2026-06-26T15:03:29.990Z","url":"/api/auth/me"},"timestamp":"2026-06-26T15:03:29.991Z"}
{"level":"info","message":{"method":"GET","time":"2026-06-26T15:03:30.248Z","url":"/api/tasks?page=1&search=&status=&priority="},"timestamp":"2026-06-26T15:03:30.248Z"}
{"level":"info","message":{"method":"GET","time":"2026-06-26T15:03:40.123Z","url":"/api/auth/me"},"timestamp":"2026-06-26T15:03:40.123Z"}
{"level":"info","message":{"method":"GET","time":"2026-06-26T15:03:45.759Z","url":"/api/tasks?page=1&search=&status=&priority="},"timestamp":"2026-06-26T15:03:45.759Z"}
{"level":"info","message":{"method":"GET","time":"2026-06-26T15:03:59.813Z","url":"/api/tasks?page=1&search=&status=&priority="},"timestamp":"2026-06-26T15:03:59.813Z"}
{"level":"info","message":{"method":"GET","time":"2026-06-26T15:04:04.103Z","url":"/api/tasks/6a3e90471c940364c31ec8d2"},"timestamp":"2026-06-26T15:04:04.103Z"}
{"level":"info","message":{"method":"GET","time":"2026-06-26T15:04:04.500Z","url":"/api/tasks?page=1&search=&status=&priority="},"timestamp":"2026-06-26T15:04:04.500Z"}
{"level":"info","message":{"method":"GET","time":"2026-06-26T15:04:09.456Z","url":"/api/tasks/6a3e90471c940364c31ec8d2"},"timestamp":"2026-06-26T15:04:09.456Z"}
{"level":"info","message":{"method":"GET","time":"2026-06-26T15:04:09.853Z","url":"/api/tasks?page=1&search=&status=&priority="},"timestamp":"2026-06-26T15:04:09.853Z"}
{"level":"info","message":{"method":"GET","time":"2026-06-26T15:06:53.161Z","url":"/api/auth/me"},"timestamp":"2026-06-26T15:06:53.162Z"}
{"level":"info","message":{"method":"GET","time":"2026-06-26T15:06:53.408Z","url":"/api/tasks?page=1&search=&status=&priority="},"timestamp":"2026-06-26T15:06:53.408Z"}
{"level":"info","message":{"method":"GET","time":"2026-06-26T15:07:25.702Z","url":"/api/tasks/6a3e90471c940364c31ec8d2"},"timestamp":"2026-06-26T15:07:25.702Z"}
{"level":"info","message":{"method":"GET","time":"2026-06-26T15:07:26.016Z","url":"/api/tasks?page=1&search=&status=&priority="},"timestamp":"2026-06-26T15:07:26.016Z"}
{"level":"info","message":{"method":"GET","time":"2026-06-26T15:15:48.911Z","url":"/api/auth/me"},"timestamp":"2026-06-26T15:15:48.911Z"}
{"level":"info","message":{"method":"GET","time":"2026-06-26T15:15:49.164Z","url":"/api/tasks?page=1&search=&status=&priority="},"timestamp":"2026-06-26T15:15:49.164Z"}
{"level":"info","message":{"method":"GET","time":"2026-06-26T15:15:55.409Z","url":"/api/tasks/6a3e90471c940364c31ec8d2"},"timestamp":"2026-06-26T15:15:55.409Z"}
{"level":"info","message":{"method":"GET","time":"2026-06-26T15:16:05.137Z","url":"/api/tasks?page=1&search=&status=&priority="},"timestamp":"2026-06-26T15:16:05.137Z"}
{"level":"info","message":{"method":"GET","time":"2026-06-26T15:16:07.072Z","url":"/api/tasks/6a3e90471c940364c31ec8d2"},"timestamp":"2026-06-26T15:16:07.072Z"}
{"level":"info","message":{"method":"GET","time":"2026-06-26T15:16:31.438Z","url":"/api/tasks?page=1&search=&status=&priority="},"timestamp":"2026-06-26T15:16:31.438Z"}
{"level":"info","message":{"method":"GET","time":"2026-06-26T15:16:43.875Z","url":"/api/tasks?page=1&search=&status=&priority=LOW"},"timestamp":"2026-06-26T15:16:43.875Z"}
{"level":"info","message":{"method":"GET","time":"2026-06-26T15:16:49.204Z","url":"/api/tasks?page=1&search=&status=&priority=HIGH"},"timestamp":"2026-06-26T15:16:49.204Z"}
{"level":"info","message":{"method":"GET","time":"2026-06-26T15:17:01.465Z","url":"/api/auth/me"},"timestamp":"2026-06-26T15:17:01.465Z"}
{"level":"info","message":{"method":"GET","time":"2026-06-26T15:17:08.513Z","url":"/api/auth/me"},"timestamp":"2026-06-26T15:17:08.513Z"}
{"level":"info","message":{"method":"GET","time":"2026-06-26T15:17:21.981Z","url":"/api/tasks?page=1&search=&status=&priority="},"timestamp":"2026-06-26T15:17:21.981Z"}
{"level":"info","message":{"method":"POST","time":"2026-06-26T15:24:11.547Z","url":"/api/auth/login"},"timestamp":"2026-06-26T15:24:11.547Z"}
{"level":"info","message":{"method":"GET","time":"2026-06-26T15:24:18.934Z","url":"/api/tasks?page=1&search=&status=&priority="},"timestamp":"2026-06-26T15:24:18.934Z"}
{"level":"info","message":{"method":"GET","time":"2026-06-26T15:24:23.548Z","url":"/api/tasks/6a3bf0bbe2355d9e51b4e7d7"},"timestamp":"2026-06-26T15:24:23.548Z"}
{"level":"info","message":{"method":"GET","time":"2026-06-26T15:24:32.226Z","url":"/api/tasks?page=1&search=&status=&priority="},"timestamp":"2026-06-26T15:24:32.226Z"}
{"level":"info","message":{"method":"GET","time":"2026-06-26T15:24:37.165Z","url":"/api/tasks/6a3bf0bbe2355d9e51b4e7d7"},"timestamp":"2026-06-26T15:24:37.165Z"}
{"level":"info","message":{"method":"GET","time":"2026-06-26T15:24:37.526Z","url":"/api/tasks?page=1&search=&status=&priority="},"timestamp":"2026-06-26T15:24:37.526Z"}
{"level":"info","message":{"method":"GET","time":"2026-06-26T15:26:15.415Z","url":"/api/tasks/6a3bf0bbe2355d9e51b4e7d7"},"timestamp":"2026-06-26T15:26:15.415Z"}
{"level":"info","message":{"method":"GET","time":"2026-06-26T15:26:15.805Z","url":"/api/tasks?page=1&search=&status=&priority="},"timestamp":"2026-06-26T15:26:15.805Z"}
{"level":"info","message":{"method":"GET","time":"2026-06-26T15:26:24.546Z","url":"/api/auth/me"},"timestamp":"2026-06-26T15:26:24.546Z"}
{"level":"info","message":{"method":"POST","time":"2026-06-26T15:26:41.426Z","url":"/api/auth/login"},"timestamp":"2026-06-26T15:26:41.427Z"}
{"level":"info","message":{"method":"GET","time":"2026-06-26T15:26:45.932Z","url":"/api/tasks?page=1&search=&status=&priority="},"timestamp":"2026-06-26T15:26:45.932Z"}
{"level":"info","message":{"method":"GET","time":"2026-06-26T15:26:48.247Z","url":"/api/tasks/6a3bf0bbe2355d9e51b4e7d7"},"timestamp":"2026-06-26T15:26:48.247Z"}
{"level":"info","message":{"method":"GET","time":"2026-06-26T15:27:48.195Z","url":"/api/tasks?page=1&search=&status=&priority="},"timestamp":"2026-06-26T15:27:48.195Z"}
{"level":"info","message":{"method":"GET","time":"2026-06-26T15:27:51.781Z","url":"/api/auth/me"},"timestamp":"2026-06-26T15:27:51.781Z"}
{"level":"info","message":{"method":"GET","time":"2026-06-26T15:27:52.042Z","url":"/api/tasks?page=1&search=&status=&priority="},"timestamp":"2026-06-26T15:27:52.043Z"}
{"level":"info","message":{"method":"GET","time":"2026-06-26T15:27:53.982Z","url":"/api/tasks/6a3bf0bbe2355d9e51b4e7d7"},"timestamp":"2026-06-26T15:27:53.982Z"}
{"level":"info","message":{"method":"GET","time":"2026-06-26T15:28:16.752Z","url":"/api/tasks?page=1&search=&status=&priority="},"timestamp":"2026-06-26T15:28:16.753Z"}
{"level":"info","message":{"method":"GET","time":"2026-06-26T15:28:18.936Z","url":"/api/tasks/6a3bf0bbe2355d9e51b4e7d7"},"timestamp":"2026-06-26T15:28:18.936Z"}
{"level":"info","message":{"method":"GET","time":"2026-06-26T15:28:26.181Z","url":"/api/tasks?page=1&search=&status=&priority="},"timestamp":"2026-06-26T15:28:26.181Z"}
{"level":"info","message":{"method":"GET","time":"2026-06-26T15:28:43.190Z","url":"/api/tasks/6a3bf0bbe2355d9e51b4e7d7"},"timestamp":"2026-06-26T15:28:43.190Z"}
{"level":"info","message":{"method":"GET","time":"2026-06-26T15:28:51.120Z","url":"/api/tasks?page=1&search=&status=&priority="},"timestamp":"2026-06-26T15:28:51.120Z"}
{"level":"info","message":{"method":"GET","time":"2026-06-26T15:28:53.201Z","url":"/api/tasks/6a3bf0bbe2355d9e51b4e7d7"},"timestamp":"2026-06-26T15:28:53.201Z"}
{"level":"info","message":{"method":"GET","time":"2026-06-26T15:30:10.739Z","url":"/api/auth/me"},"timestamp":"2026-06-26T15:30:10.740Z"}
{"level":"info","message":{"method":"GET","time":"2026-06-26T15:30:10.967Z","url":"/api/tasks/6a3bf0bbe2355d9e51b4e7d7"},"timestamp":"2026-06-26T15:30:10.968Z"}
{"level":"info","message":{"method":"GET","time":"2026-06-26T15:33:42.285Z","url":"/api/tasks?page=1&search=&status=&priority="},"timestamp":"2026-06-26T15:33:42.285Z"}
{"level":"info","message":{"method":"GET","time":"2026-06-26T15:34:03.390Z","url":"/api/tasks/6a3bf0bbe2355d9e51b4e7d7"},"timestamp":"2026-06-26T15:34:03.390Z"}
{"level":"info","message":{"method":"GET","time":"2026-06-26T15:34:06.134Z","url":"/api/tasks?page=1&search=&status=&priority="},"timestamp":"2026-06-26T15:34:06.134Z"}
{"level":"info","message":{"method":"GET","time":"2026-06-26T15:34:07.685Z","url":"/api/tasks/6a3bf0bbe2355d9e51b4e7d7"},"timestamp":"2026-06-26T15:34:07.685Z"}
{"level":"info","message":{"method":"GET","time":"2026-06-26T15:34:07.986Z","url":"/api/tasks?page=1&search=&status=&priority="},"timestamp":"2026-06-26T15:34:07.986Z"}
{"level":"info","message":{"method":"POST","time":"2026-06-26T15:35:37.039Z","url":"/api/tasks"},"timestamp":"2026-06-26T15:35:37.039Z"}
{"level":"info","message":{"method":"GET","time":"2026-06-26T15:36:11.613Z","url":"/api/auth/me"},"timestamp":"2026-06-26T15:36:11.613Z"}
{"level":"info","message":{"method":"POST","time":"2026-06-26T15:36:21.031Z","url":"/api/tasks"},"timestamp":"2026-06-26T15:36:21.031Z"}
{"level":"info","message":{"method":"GET","time":"2026-06-26T15:36:21.237Z","url":"/api/tasks?page=1&search=&status=&priority="},"timestamp":"2026-06-26T15:36:21.237Z"}
{"level":"info","message":{"method":"GET","time":"2026-06-26T15:36:30.203Z","url":"/api/tasks/6a3e9c7521d61c874f59374e"},"timestamp":"2026-06-26T15:36:30.203Z"}
{"level":"info","message":{"method":"GET","time":"2026-06-26T15:36:33.314Z","url":"/api/tasks?page=1&search=&status=&priority="},"timestamp":"2026-06-26T15:36:33.315Z"}
{"level":"info","message":{"method":"GET","time":"2026-06-26T15:37:02.661Z","url":"/api/tasks/6a3e9c7521d61c874f59374e"},"timestamp":"2026-06-26T15:37:02.662Z"}
{"level":"info","message":{"method":"GET","time":"2026-06-26T15:37:06.601Z","url":"/api/tasks?page=1&search=&status=&priority="},"timestamp":"2026-06-26T15:37:06.601Z"}
{"level":"info","message":{"method":"GET","time":"2026-06-26T15:37:39.237Z","url":"/api/tasks/6a3e9c7521d61c874f59374e"},"timestamp":"2026-06-26T15:37:39.237Z"}
{"level":"info","message":{"method":"GET","time":"2026-06-26T15:37:43.687Z","url":"/api/tasks?page=1&search=&status=&priority="},"timestamp":"2026-06-26T15:37:43.687Z"}
{"level":"info","message":{"method":"GET","time":"2026-06-26T15:37:47.398Z","url":"/api/tasks?page=1&search=&status=&priority="},"timestamp":"2026-06-26T15:37:47.398Z"}
{"level":"info","message":{"method":"GET","time":"2026-06-26T15:37:48.331Z","url":"/api/tasks/6a3bf0bbe2355d9e51b4e7d7"},"timestamp":"2026-06-26T15:37:48.331Z"}
{"level":"info","message":{"method":"GET","time":"2026-06-26T15:37:48.804Z","url":"/api/tasks?page=1&search=&status=&priority="},"timestamp":"2026-06-26T15:37:48.804Z"}
{"level":"info","message":{"method":"GET","time":"2026-06-26T15:37:51.744Z","url":"/api/tasks?page=1&search=&status=&priority="},"timestamp":"2026-06-26T15:37:51.744Z"}
{"level":"info","message":{"method":"GET","time":"2026-06-26T15:37:52.435Z","url":"/api/tasks/6a3e90471c940364c31ec8d2"},"timestamp":"2026-06-26T15:37:52.435Z"}
{"level":"info","message":{"method":"GET","time":"2026-06-26T15:37:52.809Z","url":"/api/tasks?page=1&search=&status=&priority="},"timestamp":"2026-06-26T15:37:52.809Z"}
{"level":"info","message":{"method":"GET","time":"2026-06-26T15:37:54.175Z","url":"/api/tasks?page=1&search=&status=&priority="},"timestamp":"2026-06-26T15:37:54.175Z"}
{"level":"info","message":{"method":"GET","time":"2026-06-26T15:37:55.261Z","url":"/api/tasks/6a3e90471c940364c31ec8d2"},"timestamp":"2026-06-26T15:37:55.261Z"}
{"level":"info","message":{"method":"GET","time":"2026-06-26T15:37:55.629Z","url":"/api/tasks?page=1&search=&status=&priority="},"timestamp":"2026-06-26T15:37:55.629Z"}
{"level":"info","message":{"method":"POST","time":"2026-06-26T15:38:20.375Z","url":"/api/auth/login"},"timestamp":"2026-06-26T15:38:20.375Z"}
{"level":"info","message":{"method":"GET","time":"2026-06-26T15:38:22.905Z","url":"/api/tasks?page=1&search=&status=&priority="},"timestamp":"2026-06-26T15:38:22.905Z"}
{"level":"info","message":{"method":"GET","time":"2026-06-26T15:38:24.818Z","url":"/api/tasks/6a3e90471c940364c31ec8d2"},"timestamp":"2026-06-26T15:38:24.818Z"}
{"level":"info","message":{"method":"GET","time":"2026-06-26T15:38:27.484Z","url":"/api/tasks?page=1&search=&status=&priority="},"timestamp":"2026-06-26T15:38:27.484Z"}
{"level":"info","message":{"method":"GET","time":"2026-06-26T15:38:29.314Z","url":"/api/tasks/6a3e90471c940364c31ec8d2"},"timestamp":"2026-06-26T15:38:29.314Z"}
{"level":"info","message":{"method":"GET","time":"2026-06-26T15:38:29.654Z","url":"/api/tasks?page=1&search=&status=&priority="},"timestamp":"2026-06-26T15:38:29.654Z"}
{"level":"info","message":{"method":"DELETE","time":"2026-06-26T15:38:31.779Z","url":"/api/tasks/6a3e90471c940364c31ec8d2"},"timestamp":"2026-06-26T15:38:31.779Z"}
{"level":"info","message":{"method":"DELETE","time":"2026-06-26T15:38:32.494Z","url":"/api/tasks/6a3e90471c940364c31ec8d2"},"timestamp":"2026-06-26T15:38:32.495Z"}
{"level":"info","message":{"method":"GET","time":"2026-06-26T15:38:45.120Z","url":"/api/auth/me"},"timestamp":"2026-06-26T15:38:45.122Z"}
{"level":"info","message":{"method":"POST","time":"2026-06-26T17:00:53.229Z","url":"/api/auth/login"},"timestamp":"2026-06-26T17:00:53.229Z"}
{"level":"info","message":{"method":"GET","time":"2026-06-26T17:01:44.382Z","url":"/api/auth/me"},"timestamp":"2026-06-26T17:01:44.383Z"}
{"level":"info","message":{"method":"GET","time":"2026-06-26T17:01:51.024Z","url":"/api/tasks?page=1&search=&status=&priority="},"timestamp":"2026-06-26T17:01:51.024Z"}
{"level":"info","message":{"method":"GET","time":"2026-06-26T17:01:58.742Z","url":"/api/tasks?page=1&search=&status=&priority="},"timestamp":"2026-06-26T17:01:58.742Z"}
{"level":"info","message":{"method":"GET","time":"2026-06-26T17:02:18.747Z","url":"/api/auth/me"},"timestamp":"2026-06-26T17:02:18.747Z"}
{"level":"info","message":{"method":"GET","time":"2026-06-26T17:02:18.937Z","url":"/api/tasks?page=1&search=&status=&priority="},"timestamp":"2026-06-26T17:02:18.937Z"}
{"level":"info","message":{"method":"GET","time":"2026-06-26T17:02:48.865Z","url":"/api/auth/me"},"timestamp":"2026-06-26T17:02:48.866Z"}
{"level":"info","message":{"method":"POST","time":"2026-06-26T17:03:08.637Z","url":"/api/auth/login"},"timestamp":"2026-06-26T17:03:08.637Z"}
{"level":"info","message":{"method":"GET","time":"2026-06-26T17:03:25.166Z","url":"/api/tasks?page=1&search=&status=&priority="},"timestamp":"2026-06-26T17:03:25.166Z"}
{"level":"info","message":{"method":"GET","time":"2026-06-26T17:03:28.939Z","url":"/api/tasks/6a3e9c7521d61c874f59374e"},"timestamp":"2026-06-26T17:03:28.939Z"}
{"level":"info","message":{"method":"GET","time":"2026-06-26T17:03:57.797Z","url":"/api/tasks?page=1&search=&status=&priority="},"timestamp":"2026-06-26T17:03:57.798Z"}
{"level":"info","message":{"method":"GET","time":"2026-06-26T17:04:01.525Z","url":"/api/tasks/6a3e9c7521d61c874f59374e"},"timestamp":"2026-06-26T17:04:01.525Z"}
{"level":"info","message":{"method":"GET","time":"2026-06-26T17:04:02.053Z","url":"/api/tasks?page=1&search=&status=&priority="},"timestamp":"2026-06-26T17:04:02.053Z"}
{"level":"info","message":{"method":"DELETE","time":"2026-06-26T17:04:04.134Z","url":"/api/tasks/6a3e9c7521d61c874f59374e"},"timestamp":"2026-06-26T17:04:04.134Z"}
{"level":"info","message":{"method":"GET","time":"2026-06-26T17:18:03.763Z","url":"/api/auth/me"},"timestamp":"2026-06-26T17:18:03.763Z"}
{"level":"info","message":{"method":"GET","time":"2026-06-26T17:18:04.069Z","url":"/api/tasks?page=1&search=&status=&priority="},"timestamp":"2026-06-26T17:18:04.069Z"}
{"level":"info","message":{"method":"GET","time":"2026-06-26T17:18:12.820Z","url":"/api/auth/me"},"timestamp":"2026-06-26T17:18:12.821Z"}
{"level":"info","message":{"method":"POST","time":"2026-06-26T17:23:39.902Z","url":"/api/auth/login"},"timestamp":"2026-06-26T17:23:39.903Z"}
{"level":"info","message":{"method":"GET","time":"2026-06-26T17:23:45.379Z","url":"/api/auth/me"},"timestamp":"2026-06-26T17:23:45.379Z"}
{"level":"info","message":{"method":"GET","time":"2026-06-26T17:23:47.807Z","url":"/api/tasks?page=1&search=&status=&priority="},"timestamp":"2026-06-26T17:23:47.807Z"}
{"level":"info","message":{"method":"POST","time":"2026-06-26T17:24:35.350Z","url":"/api/tasks"},"timestamp":"2026-06-26T17:24:35.350Z"}
{"level":"info","message":{"method":"GET","time":"2026-06-26T17:24:35.585Z","url":"/api/tasks?page=1&search=&status=&priority="},"timestamp":"2026-06-26T17:24:35.585Z"}
{"level":"info","message":{"method":"GET","time":"2026-06-26T17:24:40.384Z","url":"/api/tasks/6a3eb5d3d85bdae7fd675942"},"timestamp":"2026-06-26T17:24:40.384Z"}
{"level":"info","message":{"method":"GET","time":"2026-06-26T17:24:47.516Z","url":"/api/tasks?page=1&search=&status=&priority="},"timestamp":"2026-06-26T17:24:47.516Z"}
{"level":"info","message":{"method":"GET","time":"2026-06-26T17:24:49.289Z","url":"/api/tasks/6a3eb5d3d85bdae7fd675942"},"timestamp":"2026-06-26T17:24:49.289Z"}
{"level":"info","message":{"method":"GET","time":"2026-06-26T17:24:49.722Z","url":"/api/tasks?page=1&search=&status=&priority="},"timestamp":"2026-06-26T17:24:49.722Z"}
{"level":"info","message":{"method":"GET","time":"2026-06-26T17:25:19.739Z","url":"/api/tasks/6a3eb5d3d85bdae7fd675942"},"timestamp":"2026-06-26T17:25:19.740Z"}
{"level":"info","message":{"method":"GET","time":"2026-06-26T17:25:22.160Z","url":"/api/tasks?page=1&search=&status=&priority="},"timestamp":"2026-06-26T17:25:22.160Z"}
{"level":"info","message":{"method":"GET","time":"2026-06-26T17:25:33.260Z","url":"/api/tasks/6a3eb5d3d85bdae7fd675942"},"timestamp":"2026-06-26T17:25:33.260Z"}
{"level":"info","message":{"method":"GET","time":"2026-06-26T17:25:33.616Z","url":"/api/tasks?page=1&search=&status=&priority="},"timestamp":"2026-06-26T17:25:33.616Z"}
{"level":"info","message":{"method":"GET","time":"2026-06-26T17:25:39.389Z","url":"/api/auth/me"},"timestamp":"2026-06-26T17:25:39.389Z"}
{"level":"info","message":{"method":"POST","time":"2026-06-26T17:26:05.401Z","url":"/api/auth/login"},"timestamp":"2026-06-26T17:26:05.401Z"}
{"level":"info","message":{"method":"GET","time":"2026-06-26T17:26:08.701Z","url":"/api/tasks?page=1&search=&status=&priority="},"timestamp":"2026-06-26T17:26:08.701Z"}
{"level":"info","message":{"method":"GET","time":"2026-06-26T17:26:34.019Z","url":"/api/tasks?page=1&search=&status=&priority="},"timestamp":"2026-06-26T17:26:34.019Z"}
{"level":"info","message":{"method":"GET","time":"2026-06-26T17:27:56.080Z","url":"/api/tasks?page=1&search=&status=&priority="},"timestamp":"2026-06-26T17:27:56.080Z"}
{"level":"info","message":{"method":"GET","time":"2026-06-26T17:28:24.799Z","url":"/api/auth/me"},"timestamp":"2026-06-26T17:28:24.800Z"}
{"level":"info","message":{"method":"GET","time":"2026-06-26T17:28:25.132Z","url":"/api/tasks?page=1&search=&status=&priority="},"timestamp":"2026-06-26T17:28:25.132Z"}
{"level":"info","message":{"method":"GET","time":"2026-06-26T17:28:38.777Z","url":"/api/tasks/6a3eb5d3d85bdae7fd675942"},"timestamp":"2026-06-26T17:28:38.777Z"}
{"level":"info","message":{"method":"GET","time":"2026-06-26T17:35:10.768Z","url":"/api/tasks?page=1&search=&status=&priority="},"timestamp":"2026-06-26T17:35:10.768Z"}
{"level":"info","message":{"method":"GET","time":"2026-06-26T17:35:15.304Z","url":"/api/auth/me"},"timestamp":"2026-06-26T17:35:15.304Z"}
{"level":"info","message":{"method":"GET","time":"2026-06-26T17:35:15.657Z","url":"/api/tasks?page=1&search=&status=&priority="},"timestamp":"2026-06-26T17:35:15.657Z"}
{"level":"info","message":{"method":"GET","time":"2026-06-26T17:35:17.250Z","url":"/api/tasks/6a3eb5d3d85bdae7fd675942"},"timestamp":"2026-06-26T17:35:17.250Z"}
{"level":"info","message":{"method":"GET","time":"2026-06-26T17:35:25.561Z","url":"/api/tasks?page=1&search=&status=&priority="},"timestamp":"2026-06-26T17:35:25.561Z"}
{"level":"info","message":{"method":"GET","time":"2026-06-26T17:35:27.808Z","url":"/api/tasks/6a3bf0bbe2355d9e51b4e7d7"},"timestamp":"2026-06-26T17:35:27.808Z"}
{"level":"info","message":{"method":"GET","time":"2026-06-26T17:35:33.612Z","url":"/api/tasks?page=1&search=&status=&priority="},"timestamp":"2026-06-26T17:35:33.612Z"}
{"level":"info","message":{"method":"GET","time":"2026-06-26T17:35:54.938Z","url":"/api/tasks/6a3eb5d3d85bdae7fd675942"},"timestamp":"2026-06-26T17:35:54.938Z"}
{"level":"info","message":{"method":"GET","time":"2026-06-26T17:35:59.905Z","url":"/api/tasks?page=1&search=&status=&priority="},"timestamp":"2026-06-26T17:35:59.905Z"}
{"level":"info","message":{"method":"DELETE","time":"2026-06-26T17:36:05.387Z","url":"/api/tasks/6a3eb5d3d85bdae7fd675942"},"timestamp":"2026-06-26T17:36:05.387Z"}
{"level":"info","message":{"method":"GET","time":"2026-06-26T17:39:04.709Z","url":"/api/auth/me"},"timestamp":"2026-06-26T17:39:04.710Z"}
{"level":"info","message":{"method":"GET","time":"2026-06-26T17:39:04.901Z","url":"/api/tasks?page=1&search=&status=&priority="},"timestamp":"2026-06-26T17:39:04.901Z"}
{"level":"info","message":{"method":"DELETE","time":"2026-06-26T17:39:12.403Z","url":"/api/tasks/6a3eb5d3d85bdae7fd675942"},"timestamp":"2026-06-26T17:39:12.403Z"}
{"level":"info","message":{"method":"DELETE","time":"2026-06-26T17:39:14.852Z","url":"/api/tasks/6a3bf0bbe2355d9e51b4e7d7"},"timestamp":"2026-06-26T17:39:14.852Z"}
{"level":"info","message":{"method":"DELETE","time":"2026-06-26T17:39:24.886Z","url":"/api/tasks/6a3eb5d3d85bdae7fd675942"},"timestamp":"2026-06-26T17:39:24.886Z"}
{"level":"info","message":{"method":"GET","time":"2026-06-26T17:39:31.192Z","url":"/api/tasks/6a3bf0bbe2355d9e51b4e7d7"},"timestamp":"2026-06-26T17:39:31.192Z"}
{"level":"info","message":{"method":"GET","time":"2026-06-26T17:39:33.508Z","url":"/api/tasks?page=1&search=&status=&priority="},"timestamp":"2026-06-26T17:39:33.508Z"}
{"level":"info","message":{"method":"GET","time":"2026-06-26T17:39:40.168Z","url":"/api/auth/me"},"timestamp":"2026-06-26T17:39:40.168Z"}
{"level":"info","message":{"method":"GET","time":"2026-06-26T17:39:45.045Z","url":"/api/tasks?page=1&search=&status=&priority="},"timestamp":"2026-06-26T17:39:45.045Z"}
{"level":"info","message":{"method":"GET","time":"2026-06-26T17:39:50.056Z","url":"/api/tasks/6a3eb5d3d85bdae7fd675942"},"timestamp":"2026-06-26T17:39:50.056Z"}
{"level":"info","message":{"method":"GET","time":"2026-06-26T17:39:53.459Z","url":"/api/tasks?page=1&search=&status=&priority="},"timestamp":"2026-06-26T17:39:53.459Z"}
{"level":"info","message":{"method":"GET","time":"2026-06-26T17:40:02.619Z","url":"/api/tasks/6a3eb5d3d85bdae7fd675942"},"timestamp":"2026-06-26T17:40:02.619Z"}
{"level":"info","message":{"method":"GET","time":"2026-06-26T17:40:06.374Z","url":"/api/tasks?page=1&search=&status=&priority="},"timestamp":"2026-06-26T17:40:06.374Z"}
{"level":"info","message":{"method":"GET","time":"2026-06-26T17:40:50.395Z","url":"/api/tasks/6a3eb5d3d85bdae7fd675942"},"timestamp":"2026-06-26T17:40:50.396Z"}
{"level":"info","message":{"method":"GET","time":"2026-06-26T17:40:52.759Z","url":"/api/tasks?page=1&search=&status=&priority="},"timestamp":"2026-06-26T17:40:52.759Z"}
{"level":"info","message":{"method":"GET","time":"2026-06-26T17:48:24.275Z","url":"/api/tasks/6a3eb5d3d85bdae7fd675942"},"timestamp":"2026-06-26T17:48:24.275Z"}
{"level":"info","message":{"method":"GET","time":"2026-06-26T17:48:36.075Z","url":"/api/tasks?page=1&search=&status=&priority="},"timestamp":"2026-06-26T17:48:36.075Z"}
{"level":"info","message":{"method":"GET","time":"2026-06-26T17:48:37.729Z","url":"/api/tasks/6a3eb5d3d85bdae7fd675942"},"timestamp":"2026-06-26T17:48:37.729Z"}
{"level":"info","message":{"method":"GET","time":"2026-06-26T17:52:18.321Z","url":"/api/tasks?page=1&search=&status=&priority="},"timestamp":"2026-06-26T17:52:18.321Z"}
{"level":"info","message":{"method":"GET","time":"2026-06-26T17:52:31.896Z","url":"/api/tasks/6a3eb5d3d85bdae7fd675942"},"timestamp":"2026-06-26T17:52:31.896Z"}
{"level":"info","message":{"method":"GET","time":"2026-06-26T17:52:34.299Z","url":"/api/tasks?page=1&search=&status=&priority="},"timestamp":"2026-06-26T17:52:34.299Z"}
{"level":"info","message":{"method":"GET","time":"2026-06-26T17:52:35.759Z","url":"/api/tasks/6a3eb5d3d85bdae7fd675942"},"timestamp":"2026-06-26T17:52:35.759Z"}
{"level":"info","message":{"method":"GET","time":"2026-06-26T17:52:40.727Z","url":"/api/tasks?page=1&search=&status=&priority="},"timestamp":"2026-06-26T17:52:40.727Z"}
{"level":"info","message":{"method":"GET","time":"2026-06-26T17:53:23.286Z","url":"/api/auth/me"},"timestamp":"2026-06-26T17:53:23.287Z"}
{"level":"info","message":{"method":"GET","time":"2026-06-26T17:53:23.502Z","url":"/api/tasks?page=1&search=&status=&priority="},"timestamp":"2026-06-26T17:53:23.502Z"}
{"level":"info","message":{"method":"GET","time":"2026-06-26T17:53:25.829Z","url":"/api/tasks/6a3eb5d3d85bdae7fd675942"},"timestamp":"2026-06-26T17:53:25.829Z"}
{"level":"info","message":{"method":"GET","time":"2026-06-26T17:53:28.800Z","url":"/api/tasks?page=1&search=&status=&priority="},"timestamp":"2026-06-26T17:53:28.800Z"}
{"level":"info","message":{"method":"GET","time":"2026-06-26T17:53:31.129Z","url":"/api/tasks/6a3eb5d3d85bdae7fd675942"},"timestamp":"2026-06-26T17:53:31.129Z"}
{"level":"info","message":{"method":"PUT","time":"2026-06-26T17:53:53.126Z","url":"/api/tasks/6a3eb5d3d85bdae7fd675942"},"timestamp":"2026-06-26T17:53:53.126Z"}
{"level":"info","message":{"method":"PUT","time":"2026-06-26T17:54:10.513Z","url":"/api/tasks/6a3eb5d3d85bdae7fd675942"},"timestamp":"2026-06-26T17:54:10.513Z"}
{"level":"info","message":{"method":"GET","time":"2026-06-26T18:03:11.281Z","url":"/api/tasks?page=1&search=&status=&priority="},"timestamp":"2026-06-26T18:03:11.281Z"}
{"level":"info","message":{"method":"GET","time":"2026-06-26T18:03:13.841Z","url":"/api/tasks/6a3eb5d3d85bdae7fd675942"},"timestamp":"2026-06-26T18:03:13.841Z"}
{"level":"info","message":{"method":"GET","time":"2026-06-26T18:03:15.525Z","url":"/api/tasks?page=1&search=&status=&priority="},"timestamp":"2026-06-26T18:03:15.525Z"}
{"level":"info","message":{"method":"GET","time":"2026-06-26T18:03:17.068Z","url":"/api/tasks/6a3eb5d3d85bdae7fd675942"},"timestamp":"2026-06-26T18:03:17.068Z"}
{"level":"info","message":{"method":"PUT","time":"2026-06-26T18:03:21.608Z","url":"/api/tasks/6a3eb5d3d85bdae7fd675942"},"timestamp":"2026-06-26T18:03:21.609Z"}
{"level":"info","message":{"method":"GET","time":"2026-06-26T18:03:22.115Z","url":"/api/tasks?page=1&search=&status=&priority="},"timestamp":"2026-06-26T18:03:22.115Z"}
{"level":"info","message":{"method":"GET","time":"2026-06-26T18:03:49.290Z","url":"/api/tasks?page=1&search=Test&status=&priority="},"timestamp":"2026-06-26T18:03:49.290Z"}
{"level":"info","message":{"method":"GET","time":"2026-06-26T18:03:56.762Z","url":"/api/tasks?page=1&search=I+am&status=&priority="},"timestamp":"2026-06-26T18:03:56.762Z"}
{"level":"info","message":{"method":"GET","time":"2026-06-26T18:04:20.940Z","url":"/api/tasks?page=1&search=Anusara&status=&priority="},"timestamp":"2026-06-26T18:04:20.940Z"}
{"level":"info","message":{"method":"GET","time":"2026-06-26T18:04:25.094Z","url":"/api/tasks?page=1&search=&status=&priority="},"timestamp":"2026-06-26T18:04:25.094Z"}
{"level":"info","message":{"method":"GET","time":"2026-06-26T18:04:37.334Z","url":"/api/tasks/6a3eb5d3d85bdae7fd675942"},"timestamp":"2026-06-26T18:04:37.334Z"}
{"level":"info","message":{"method":"GET","time":"2026-06-26T18:04:39.193Z","url":"/api/tasks?page=1&search=&status=&priority="},"timestamp":"2026-06-26T18:04:39.193Z"}
{"level":"info","message":{"method":"GET","time":"2026-06-26T18:05:53.275Z","url":"/api/tasks/6a3eb5d3d85bdae7fd675942"},"timestamp":"2026-06-26T18:05:53.275Z"}
{"level":"info","message":{"method":"GET","time":"2026-06-26T18:06:09.614Z","url":"/api/tasks/6a3eb5d3d85bdae7fd675942"},"timestamp":"2026-06-26T18:06:09.614Z"}
{"level":"info","message":{"method":"GET","time":"2026-06-26T18:06:14.076Z","url":"/api/tasks/6a3eb5d3d85bdae7fd675942"},"timestamp":"2026-06-26T18:06:14.076Z"}
{"level":"info","message":{"method":"GET","time":"2026-06-26T18:06:52.755Z","url":"/api/tasks?page=1&search=&status=&priority="},"timestamp":"2026-06-26T18:06:52.755Z"}
{"level":"info","message":{"method":"GET","time":"2026-06-26T18:09:55.203Z","url":"/api/auth/me"},"timestamp":"2026-06-26T18:09:55.203Z"}
{"level":"info","message":{"method":"GET","time":"2026-06-26T18:09:55.424Z","url":"/api/tasks?limit=1000"},"timestamp":"2026-06-26T18:09:55.424Z"}
{"level":"info","message":{"method":"GET","time":"2026-06-26T18:10:44.609Z","url":"/api/tasks?page=1&search=&status=&priority="},"timestamp":"2026-06-26T18:10:44.609Z"}
{"level":"info","message":{"method":"GET","time":"2026-06-26T18:11:19.657Z","url":"/api/tasks?limit=1000"},"timestamp":"2026-06-26T18:11:19.657Z"}
{"level":"info","message":{"method":"GET","time":"2026-06-26T18:13:01.307Z","url":"/api/tasks?limit=1000"},"timestamp":"2026-06-26T18:13:01.307Z"}
{"level":"info","message":{"method":"GET","time":"2026-06-26T18:13:19.163Z","url":"/api/tasks?page=1&search=&status=&priority="},"timestamp":"2026-06-26T18:13:19.163Z"}
{"level":"info","message":{"method":"GET","time":"2026-06-26T18:13:22.555Z","url":"/api/tasks?limit=1000"},"timestamp":"2026-06-26T18:13:22.555Z"}
{"level":"info","message":{"method":"GET","time":"2026-06-26T18:13:25.643Z","url":"/api/tasks?limit=1000"},"timestamp":"2026-06-26T18:13:25.643Z"}
{"level":"info","message":{"method":"GET","time":"2026-06-26T18:14:44.256Z","url":"/api/tasks?limit=1000"},"timestamp":"2026-06-26T18:14:44.256Z"}
{"level":"info","message":{"method":"GET","time":"2026-06-26T18:14:49.435Z","url":"/api/tasks?page=1&search=&status=&priority="},"timestamp":"2026-06-26T18:14:49.435Z"}
{"level":"info","message":{"method":"GET","time":"2026-06-26T18:17:00.692Z","url":"/api/tasks?limit=1000"},"timestamp":"2026-06-26T18:17:00.692Z"}
{"level":"info","message":{"method":"GET","time":"2026-06-26T18:22:01.442Z","url":"/api/tasks?limit=1000"},"timestamp":"2026-06-26T18:22:01.442Z"}
{"level":"info","message":{"method":"GET","time":"2026-06-26T18:23:31.429Z","url":"/api/auth/me"},"timestamp":"2026-06-26T18:23:31.430Z"}
{"level":"info","message":{"method":"GET","time":"2026-06-26T18:23:31.599Z","url":"/api/tasks?limit=1000"},"timestamp":"2026-06-26T18:23:31.599Z"}
{"level":"info","message":{"method":"GET","time":"2026-06-26T18:24:06.355Z","url":"/api/tasks?limit=1000"},"timestamp":"2026-06-26T18:24:06.356Z"}
{"level":"info","message":{"method":"GET","time":"2026-06-26T18:24:11.476Z","url":"/api/tasks?page=1&search=&status=&priority="},"timestamp":"2026-06-26T18:24:11.476Z"}
{"level":"info","message":{"method":"GET","time":"2026-06-26T18:24:48.630Z","url":"/api/tasks?page=1&search=&status=&priority="},"timestamp":"2026-06-26T18:24:48.630Z"}
{"level":"info","message":{"method":"GET","time":"2026-06-26T18:24:52.463Z","url":"/api/tasks?limit=1000"},"timestamp":"2026-06-26T18:24:52.463Z"}
{"level":"info","message":{"method":"GET","time":"2026-06-26T18:24:54.937Z","url":"/api/tasks?page=1&search=&status=&priority="},"timestamp":"2026-06-26T18:24:54.937Z"}
{"level":"info","message":{"method":"GET","time":"2026-06-26T18:25:10.527Z","url":"/api/tasks/6a3eb5d3d85bdae7fd675942"},"timestamp":"2026-06-26T18:25:10.527Z"}
{"level":"info","message":{"method":"GET","time":"2026-06-26T18:25:16.735Z","url":"/api/tasks?page=1&search=&status=&priority="},"timestamp":"2026-06-26T18:25:16.735Z"}
{"level":"info","message":{"method":"GET","time":"2026-06-26T18:25:18.831Z","url":"/api/tasks/6a3eb5d3d85bdae7fd675942"},"timestamp":"2026-06-26T18:25:18.831Z"}
{"level":"info","message":{"method":"GET","time":"2026-06-26T18:25:24.933Z","url":"/api/tasks?page=1&search=&status=&priority="},"timestamp":"2026-06-26T18:25:24.933Z"}
{"level":"info","message":{"method":"GET","time":"2026-06-26T18:28:06.598Z","url":"/api/tasks?page=1&search=&status=&priority="},"timestamp":"2026-06-26T18:28:06.598Z"}
{"level":"info","message":{"method":"GET","time":"2026-06-26T18:28:09.237Z","url":"/api/tasks?limit=1000"},"timestamp":"2026-06-26T18:28:09.237Z"}
{"level":"info","message":{"method":"GET","time":"2026-06-26T18:29:52.837Z","url":"/api/tasks?limit=1000"},"timestamp":"2026-06-26T18:29:52.837Z"}
{"level":"info","message":{"method":"GET","time":"2026-06-26T18:29:54.996Z","url":"/api/tasks?page=1&search=&status=&priority="},"timestamp":"2026-06-26T18:29:54.996Z"}
{"level":"info","message":{"method":"GET","time":"2026-06-26T18:43:18.405Z","url":"/api/users"},"timestamp":"2026-06-26T18:43:18.405Z"}
{"level":"info","message":{"method":"GET","time":"2026-06-26T18:43:57.751Z","url":"/api/auth/me"},"timestamp":"2026-06-26T18:43:57.752Z"}
{"level":"info","message":{"method":"GET","time":"2026-06-26T18:43:57.919Z","url":"/api/auth/me"},"timestamp":"2026-06-26T18:43:57.919Z"}
{"level":"info","message":{"method":"GET","time":"2026-06-26T18:43:57.956Z","url":"/api/users"},"timestamp":"2026-06-26T18:43:57.956Z"}
{"level":"info","message":{"method":"GET","time":"2026-06-26T18:49:00.418Z","url":"/api/users"},"timestamp":"2026-06-26T18:49:00.418Z"}
{"level":"info","message":{"method":"GET","time":"2026-06-26T18:49:25.536Z","url":"/api/tasks?page=1&search=&status=&priority="},"timestamp":"2026-06-26T18:49:25.536Z"}
{"level":"info","message":{"method":"POST","time":"2026-06-26T18:50:18.687Z","url":"/api/auth/login"},"timestamp":"2026-06-26T18:50:18.687Z"}
{"level":"info","message":{"method":"GET","time":"2026-06-26T18:50:19.018Z","url":"/api/tasks?limit=1000"},"timestamp":"2026-06-26T18:50:19.018Z"}
{"level":"info","message":{"method":"GET","time":"2026-06-26T18:50:27.397Z","url":"/api/tasks?page=1&search=&status=&priority="},"timestamp":"2026-06-26T18:50:27.397Z"}
{"level":"info","message":{"method":"GET","time":"2026-06-26T18:50:58.258Z","url":"/api/tasks?limit=1000"},"timestamp":"2026-06-26T18:50:58.258Z"}
{"level":"info","message":{"method":"GET","time":"2026-06-26T18:51:00.454Z","url":"/api/tasks?page=1&search=&status=&priority="},"timestamp":"2026-06-26T18:51:00.454Z"}
{"level":"info","message":{"method":"GET","time":"2026-06-26T18:51:12.439Z","url":"/api/tasks/6a3eb5d3d85bdae7fd675942"},"timestamp":"2026-06-26T18:51:12.440Z"}
{"level":"info","message":{"method":"GET","time":"2026-06-26T18:51:21.929Z","url":"/api/tasks?page=1&search=&status=&priority="},"timestamp":"2026-06-26T18:51:21.929Z"}
{"level":"info","message":{"method":"GET","time":"2026-06-26T18:51:33.309Z","url":"/api/tasks?page=1&search=&status=&priority="},"timestamp":"2026-06-26T18:51:33.309Z"}
{"level":"info","message":{"method":"GET","time":"2026-06-26T18:51:34.989Z","url":"/api/tasks?limit=1000"},"timestamp":"2026-06-26T18:51:34.989Z"}
{"level":"info","message":{"method":"GET","time":"2026-06-26T18:51:37.409Z","url":"/api/tasks?page=1&search=&status=&priority="},"timestamp":"2026-06-26T18:51:37.409Z"}
{"level":"info","message":{"method":"GET","time":"2026-06-26T18:58:46.380Z","url":"/api/tasks?page=1&search=&status=&priority="},"timestamp":"2026-06-26T18:58:46.380Z"}
{"level":"info","message":{"method":"GET","time":"2026-06-26T18:59:10.293Z","url":"/api/tasks/6a3eb5d3d85bdae7fd675942"},"timestamp":"2026-06-26T18:59:10.293Z"}
{"level":"info","message":{"method":"GET","time":"2026-06-26T18:59:13.496Z","url":"/api/tasks?page=1&search=&status=&priority="},"timestamp":"2026-06-26T18:59:13.496Z"}
{"level":"info","message":{"method":"GET","time":"2026-06-26T18:59:15.205Z","url":"/api/tasks/6a3eb5d3d85bdae7fd675942"},"timestamp":"2026-06-26T18:59:15.205Z"}
{"level":"info","message":{"method":"GET","time":"2026-06-26T18:59:32.325Z","url":"/api/tasks?page=1&search=&status=&priority="},"timestamp":"2026-06-26T18:59:32.325Z"}
{"level":"info","message":{"method":"GET","time":"2026-06-26T18:59:49.930Z","url":"/api/users"},"timestamp":"2026-06-26T18:59:49.930Z"}
{"level":"info","message":{"method":"POST","time":"2026-06-26T19:00:59.874Z","url":"/api/tasks"},"timestamp":"2026-06-26T19:00:59.874Z"}
{"level":"info","message":{"method":"GET","time":"2026-06-26T19:01:00.094Z","url":"/api/tasks?page=1&search=&status=&priority="},"timestamp":"2026-06-26T19:01:00.094Z"}
{"level":"info","message":{"method":"GET","time":"2026-06-26T19:01:28.132Z","url":"/api/tasks/6a3ecc6b616a7534a3618b9e"},"timestamp":"2026-06-26T19:01:28.132Z"}
{"level":"info","message":{"method":"GET","time":"2026-06-26T19:01:37.337Z","url":"/api/tasks?page=1&search=&status=&priority="},"timestamp":"2026-06-26T19:01:37.337Z"}
{"level":"info","message":{"method":"GET","time":"2026-06-26T19:01:39.358Z","url":"/api/tasks/6a3ecc6b616a7534a3618b9e"},"timestamp":"2026-06-26T19:01:39.358Z"}
{"level":"info","message":{"method":"GET","time":"2026-06-26T19:01:51.389Z","url":"/api/tasks?page=1&search=&status=&priority="},"timestamp":"2026-06-26T19:01:51.389Z"}
{"level":"info","message":{"method":"GET","time":"2026-06-26T19:02:02.863Z","url":"/api/tasks?page=1&search=&status=&priority="},"timestamp":"2026-06-26T19:02:02.863Z"}
{"level":"info","message":{"method":"GET","time":"2026-06-26T19:02:04.960Z","url":"/api/users"},"timestamp":"2026-06-26T19:02:04.960Z"}
{"level":"info","message":{"method":"POST","time":"2026-06-26T19:02:52.277Z","url":"/api/tasks"},"timestamp":"2026-06-26T19:02:52.277Z"}
{"level":"info","message":{"method":"GET","time":"2026-06-26T19:02:52.533Z","url":"/api/tasks?page=1&search=&status=&priority="},"timestamp":"2026-06-26T19:02:52.533Z"}
{"level":"info","message":{"method":"GET","time":"2026-06-26T19:03:08.496Z","url":"/api/tasks/6a3eb5d3d85bdae7fd675942"},"timestamp":"2026-06-26T19:03:08.496Z"}
{"level":"info","message":{"method":"GET","time":"2026-06-26T19:03:10.793Z","url":"/api/tasks?page=1&search=&status=&priority="},"timestamp":"2026-06-26T19:03:10.793Z"}
{"level":"info","message":{"method":"GET","time":"2026-06-26T19:03:12.823Z","url":"/api/tasks/6a3eb5d3d85bdae7fd675942"},"timestamp":"2026-06-26T19:03:12.823Z"}
{"level":"info","message":{"method":"GET","time":"2026-06-26T19:03:16.377Z","url":"/api/tasks?page=1&search=&status=&priority="},"timestamp":"2026-06-26T19:03:16.377Z"}
{"level":"info","message":{"method":"POST","time":"2026-06-26T19:03:31.074Z","url":"/api/auth/login"},"timestamp":"2026-06-26T19:03:31.074Z"}
{"level":"info","message":{"method":"GET","time":"2026-06-26T19:03:31.390Z","url":"/api/tasks?limit=1000"},"timestamp":"2026-06-26T19:03:31.390Z"}
{"level":"info","message":{"method":"GET","time":"2026-06-26T19:03:33.879Z","url":"/api/tasks?page=1&search=&status=&priority="},"timestamp":"2026-06-26T19:03:33.879Z"}
{"level":"info","message":{"method":"POST","time":"2026-06-26T19:05:56.823Z","url":"/api/auth/login"},"timestamp":"2026-06-26T19:05:56.824Z"}
{"level":"info","message":{"method":"GET","time":"2026-06-26T19:06:13.667Z","url":"/api/auth/me"},"timestamp":"2026-06-26T19:06:13.667Z"}
{"level":"info","message":{"method":"GET","time":"2026-06-26T19:06:13.815Z","url":"/api/auth/me"},"timestamp":"2026-06-26T19:06:13.815Z"}
{"level":"info","message":{"method":"GET","time":"2026-06-26T19:06:13.824Z","url":"/api/tasks?limit=1000"},"timestamp":"2026-06-26T19:06:13.824Z"}
{"level":"info","message":{"method":"GET","time":"2026-06-26T19:06:24.064Z","url":"/api/tasks?limit=1000"},"timestamp":"2026-06-26T19:06:24.064Z"}
{"level":"info","message":{"method":"GET","time":"2026-06-26T19:06:30.006Z","url":"/api/tasks?page=1&search=&status=&priority="},"timestamp":"2026-06-26T19:06:30.006Z"}
{"level":"info","message":{"method":"DELETE","time":"2026-06-26T19:06:50.707Z","url":"/api/tasks/6a3eb5d3d85bdae7fd675942"},"timestamp":"2026-06-26T19:06:50.707Z"}
{"level":"info","message":{"method":"POST","time":"2026-06-26T19:07:24.135Z","url":"/api/auth/login"},"timestamp":"2026-06-26T19:07:24.135Z"}
{"level":"info","message":{"method":"GET","time":"2026-06-26T19:07:29.761Z","url":"/api/auth/me"},"timestamp":"2026-06-26T19:07:29.761Z"}
{"level":"info","message":{"method":"GET","time":"2026-06-26T19:07:29.916Z","url":"/api/auth/me"},"timestamp":"2026-06-26T19:07:29.916Z"}
{"level":"info","message":{"method":"GET","time":"2026-06-26T19:07:29.941Z","url":"/api/tasks?limit=1000"},"timestamp":"2026-06-26T19:07:29.941Z"}
{"level":"info","message":{"method":"GET","time":"2026-06-26T19:07:44.616Z","url":"/api/tasks?limit=1000"},"timestamp":"2026-06-26T19:07:44.616Z"}
{"level":"info","message":{"method":"GET","time":"2026-06-26T19:07:45.702Z","url":"/api/tasks?page=1&search=&status=&priority="},"timestamp":"2026-06-26T19:07:45.702Z"}
{"level":"info","message":{"method":"GET","time":"2026-06-26T19:07:49.339Z","url":"/api/tasks/6a3ecc6b616a7534a3618b9e"},"timestamp":"2026-06-26T19:07:49.339Z"}
{"level":"info","message":{"method":"GET","time":"2026-06-26T19:08:02.789Z","url":"/api/tasks?page=1&search=&status=&priority="},"timestamp":"2026-06-26T19:08:02.789Z"}
{"level":"info","message":{"method":"GET","time":"2026-06-26T19:08:58.601Z","url":"/api/tasks?limit=1000"},"timestamp":"2026-06-26T19:08:58.601Z"}
{"level":"info","message":{"method":"GET","time":"2026-06-26T19:20:11.547Z","url":"/api/tasks?page=1&search=&status=&priority="},"timestamp":"2026-06-26T19:20:11.547Z"}
{"level":"info","message":{"method":"GET","time":"2026-06-26T19:20:26.698Z","url":"/api/users"},"timestamp":"2026-06-26T19:20:26.698Z"}
{"level":"info","message":{"method":"GET","time":"2026-06-26T19:23:28.431Z","url":"/api/users"},"timestamp":"2026-06-26T19:23:28.432Z"}
{"level":"info","message":{"method":"GET","time":"2026-06-26T19:24:27.092Z","url":"/api/users"},"timestamp":"2026-06-26T19:24:27.094Z"}
{"level":"info","message":{"method":"GET","time":"2026-06-26T19:29:29.455Z","url":"/api/users"},"timestamp":"2026-06-26T19:29:29.457Z"}
{"level":"info","message":{"method":"GET","time":"2026-06-26T19:31:35.477Z","url":"/api/tasks?limit=1000"},"timestamp":"2026-06-26T19:31:35.477Z"}
{"level":"info","message":{"method":"GET","time":"2026-06-26T19:31:39.985Z","url":"/api/tasks?page=1&search=&status=&priority="},"timestamp":"2026-06-26T19:31:39.985Z"}
{"level":"info","message":{"method":"GET","time":"2026-06-26T19:31:42.221Z","url":"/api/tasks/6a3eccdc616a7534a3618bb7"},"timestamp":"2026-06-26T19:31:42.221Z"}
{"level":"info","message":{"method":"GET","time":"2026-06-26T19:31:44.698Z","url":"/api/tasks?page=1&search=&status=&priority="},"timestamp":"2026-06-26T19:31:44.698Z"}
{"level":"info","message":{"method":"GET","time":"2026-06-26T19:31:46.148Z","url":"/api/users"},"timestamp":"2026-06-26T19:31:46.148Z"}
{"level":"info","message":{"method":"GET","time":"2026-06-26T19:32:00.832Z","url":"/api/tasks?limit=1000"},"timestamp":"2026-06-26T19:32:00.832Z"}
{"level":"info","message":{"method":"POST","time":"2026-06-26T19:37:00.639Z","url":"/api/auth/login"},"timestamp":"2026-06-26T19:37:00.639Z"}
{"level":"info","message":{"method":"GET","time":"2026-06-26T19:37:23.365Z","url":"/api/auth/me"},"timestamp":"2026-06-26T19:37:23.365Z"}
{"level":"info","message":{"method":"GET","time":"2026-06-26T19:37:23.503Z","url":"/api/auth/me"},"timestamp":"2026-06-26T19:37:23.503Z"}
{"level":"info","message":{"method":"GET","time":"2026-06-26T19:37:23.522Z","url":"/api/tasks?limit=1000"},"timestamp":"2026-06-26T19:37:23.522Z"}
{"level":"info","message":{"method":"GET","time":"2026-06-26T19:38:27.139Z","url":"/api/auth/me"},"timestamp":"2026-06-26T19:38:27.139Z"}
{"level":"info","message":{"method":"GET","time":"2026-06-26T19:38:27.280Z","url":"/api/auth/me"},"timestamp":"2026-06-26T19:38:27.280Z"}
{"level":"info","message":{"method":"GET","time":"2026-06-26T19:38:27.291Z","url":"/api/tasks?limit=1000"},"timestamp":"2026-06-26T19:38:27.291Z"}
{"level":"info","message":{"method":"GET","time":"2026-06-26T19:38:30.640Z","url":"/api/tasks?limit=1000"},"timestamp":"2026-06-26T19:38:30.640Z"}
{"level":"info","message":{"method":"POST","time":"2026-06-26T19:38:41.582Z","url":"/api/auth/login"},"timestamp":"2026-06-26T19:38:41.582Z"}
